<?xml version="1.0" encoding="UTF-8"?>
<!-- Generated by org.testng.reporters.JUnitReportReporter -->
<testsuite skipped="0" hostname="DESKTOP-90OQL1A" name="testCases.TC001_Login" tests="1" failures="0" timestamp="2020-06-21T22:27:50 IST" time="87.975" errors="0">
  <testcase name="login" time="87.975" classname="testCases.TC001_Login"/>
  <system-out/>
</testsuite> <!-- testCases.TC001_Login -->
